
Processing C:\Users\ZHQ\Desktop\Install\典当中国.ci 2010/3/27 23:27:07
Log file: C:\Users\ZHQ\Desktop\Install\典当中国.log 
Generating Sources... 
Compiling Gentee Sources... 
Build setup file: C:\Users\ZHQ\Desktop\Install\setup.exe 
Adding temporary file(s) to EXE 
C:\Users\ZHQ\AppData\Local\Temp\gentee00\chinese_simplified.lng 2010/3/27 23:27:08 2602  56.84%
C:\Program Files\CreateInstall Free\res\logo\default - 1.bmp 2002/11/5 16:52:24 7308  52.50%
C:\Program Files\CreateInstall Free\res\leftimg\install\install - 1.bmp 2002/11/10 16:56:02 20678  33.42%
C:\Program Files\CreateInstall Free\res\leftimg\uninstall\uninstall - 1.bmp 2002/11/10 16:56:02 20678  28.17%
Build setup file: C:\Users\ZHQ\AppData\Local\Temp\gentee00\uninstall.exe 
Adding uninstall file(s) to EXE 
Getting list of files 
Packing files... 
================================ 
C:\Users\ZHQ\Desktop\DianDang\de\ZedGraph.resources.dll 2008/12/12 16:01:34 4608  46.02%
C:\Users\ZHQ\Desktop\DianDang\es\ZedGraph.resources.dll 2008/12/12 16:01:36 4608  12.45%
C:\Users\ZHQ\Desktop\DianDang\fr\ZedGraph.resources.dll 2008/12/12 16:01:36 4608  12.89%
C:\Users\ZHQ\Desktop\DianDang\hu\ZedGraph.resources.dll 2008/12/12 16:01:36 4608  14.93%
C:\Users\ZHQ\Desktop\DianDang\it\ZedGraph.resources.dll 2008/12/12 16:01:36 4608  12.28%
C:\Users\ZHQ\Desktop\DianDang\ja\ZedGraph.resources.dll 2008/12/12 16:01:36 4608  14.82%
C:\Users\ZHQ\Desktop\DianDang\Pram\DataTemplate.dd 2010/1/22 22:08:18 16896  21.04%
C:\Users\ZHQ\Desktop\DianDang\Pram\dump.dd 2010/3/20 11:25:22 20992  10.26%
C:\Users\ZHQ\Desktop\DianDang\Pram\FinanceTemplate.dd 2010/1/22 10:40:27 28672  9.51%
C:\Users\ZHQ\Desktop\DianDang\Pram\OperationOfDay.dd 2009/12/23 17:51:00 10653  65.62%
C:\Users\ZHQ\Desktop\DianDang\Pram\PawnTemplate.dd 2010/1/27 15:29:16 19456  8.97%
C:\Users\ZHQ\Desktop\DianDang\Pram\ReceiptTemplate.dd 2010/1/22 13:24:30 26112  4.68%
C:\Users\ZHQ\Desktop\DianDang\Pram\RenewTemplate.dd 2009/9/13 22:26:48 18944  6.81%
C:\Users\ZHQ\Desktop\DianDang\pt\ZedGraph.resources.dll 2008/12/12 16:01:38 4608  11.08%
C:\Users\ZHQ\Desktop\DianDang\ru\ZedGraph.resources.dll 2008/12/12 16:01:38 4608  14.60%
C:\Users\ZHQ\Desktop\DianDang\sk\ZedGraph.resources.dll 2008/12/12 16:01:38 4608  12.91%
C:\Users\ZHQ\Desktop\DianDang\sv\ZedGraph.resources.dll 2008/12/12 16:01:38 4096  14.20%
C:\Users\ZHQ\Desktop\DianDang\tr\ZedGraph.resources.dll 2008/12/12 16:01:38 4608  12.23%
C:\Users\ZHQ\Desktop\DianDang\zh-cn\ZedGraph.resources.dll 2008/12/12 16:01:40 4096  13.59%
C:\Users\ZHQ\Desktop\DianDang\zh-tw\ZedGraph.resources.dll 2008/12/12 16:01:40 4608  11.06%
C:\Users\ZHQ\Desktop\DianDang\avicap32.dll 2004/8/17 20:00:00 64000  54.60%
C:\Users\ZHQ\Desktop\DianDang\cardapi2.dll 2009/8/6 14:47:20 65536  42.42%
C:\Users\ZHQ\Desktop\DianDang\DianDang.application 2010/3/20 11:35:37 1491  46.47%
C:\Users\ZHQ\Desktop\DianDang\DianDang.exe 2010/3/20 11:35:35 1744896  18.18%
C:\Users\ZHQ\Desktop\DianDang\DianDang.exe.config 2010/3/27 21:55:46 1871  39.07%
C:\Users\ZHQ\Desktop\DianDang\DianDang.exe.manifest 2010/3/20 11:35:37 10175  17.60%
C:\Users\ZHQ\Desktop\DianDang\DianDang.pdb 2010/3/20 11:35:35 1674752  20.11%
C:\Users\ZHQ\Desktop\DianDang\DianDang.vshost.application 2010/3/20 11:24:12 1471  44.79%
C:\Users\ZHQ\Desktop\DianDang\DianDang.vshost.exe 2005/9/23 6:56:34 5632  41.56%
C:\Users\ZHQ\Desktop\DianDang\DianDang.vshost.exe.config 2010/1/17 21:27:36 1857  33.92%
C:\Users\ZHQ\Desktop\DianDang\DianDang.vshost.exe.manifest 2010/3/20 11:24:12 10175  14.71%
C:\Users\ZHQ\Desktop\DianDang\DianDang.XmlSerializers.dll 2010/3/20 11:35:37 32768  15.37%
C:\Users\ZHQ\Desktop\DianDang\DotNetSkin.dll 2008/4/28 15:34:56 372736  44.09%
C:\Users\ZHQ\Desktop\DianDang\dump.dd 2010/1/19 19:27:36 22016  20.74%
C:\Users\ZHQ\Desktop\DianDang\FinanceTemplate.dd 2010/1/17 22:14:56 22016  9.37%
C:\Users\ZHQ\Desktop\DianDang\Microsoft.Office.Interop.Excel.dll 2009/6/19 11:33:04 1276720  25.22%
C:\Users\ZHQ\Desktop\DianDang\myMultiColHeaderDgv.dll 2009/8/11 11:17:55 20480  17.67%
C:\Users\ZHQ\Desktop\DianDang\OperationOfDay.dd 2009/12/23 17:50:58 10653  65.77%
C:\Users\ZHQ\Desktop\DianDang\PawnTemplate.dd 2009/12/30 21:42:29 19456  22.32%
C:\Users\ZHQ\Desktop\DianDang\ReceiptTemplate.dd 2010/1/17 22:32:08 19968  5.32%
C:\Users\ZHQ\Desktop\DianDang\RenewTemplate.dd 2009/9/13 22:26:46 18944  5.06%
C:\Users\ZHQ\Desktop\DianDang\sdtapi.dll 2009/4/2 10:03:46 2560  15.54%
C:\Users\ZHQ\Desktop\DianDang\skinh.she 2009/12/23 22:46:37 33459  100.01%
C:\Users\ZHQ\Desktop\DianDang\SkinH_CS.dll 2009/9/9 20:54:20 36864  26.44%
C:\Users\ZHQ\Desktop\DianDang\SkinH_Net.dll 2009/9/15 10:47:18 90112  96.68%
C:\Users\ZHQ\Desktop\DianDang\SubSonic.dll 2009/4/10 22:43:52 868352  28.26%
C:\Users\ZHQ\Desktop\DianDang\UtilityLibrary.dll 2009/12/17 20:08:57 274432  41.39%
C:\Users\ZHQ\Desktop\DianDang\WeifenLuo.WinFormsUI.Docking.dll 2009/12/17 19:35:32 430080  20.95%
C:\Users\ZHQ\Desktop\DianDang\WltRS.dll 2007/5/15 10:22:12 98304  50.72%
C:\Users\ZHQ\Desktop\DianDang\ZedGraph.dll 2008/12/12 16:01:34 307200  39.68%
C:\Users\ZHQ\Desktop\DianDang\ZedGraph.xml 2008/12/12 16:01:34 1492968  11.04%
================================ 
All files: 51 [ 9016KB => 2134KB ] 
File Size C:\Users\ZHQ\Desktop\Install\setup.exe: 2241 KB 
Finish Successful 2010/3/27 23:27:17