
Processing C:\Users\ZHQ\Desktop\Install\典当中国_Manage.ci 2010/3/28 23:33:18
Log file: C:\Users\ZHQ\Desktop\Install\典当中国_Manage.log 
Generating Sources... 
Compiling Gentee Sources... 
Build setup file: C:\Users\ZHQ\Desktop\Install\宝通Manage.exe 
Adding temporary file(s) to EXE 
C:\Users\ZHQ\AppData\Local\Temp\gentee00\chinese_simplified.lng 2010/3/28 23:33:19 2602  56.84%
C:\Program Files\CreateInstall Free\res\logo\default - 1.bmp 2002/11/5 16:52:24 7308  52.50%
C:\Program Files\CreateInstall Free\res\leftimg\install\install - 1.bmp 2002/11/10 16:56:02 20678  33.42%
C:\Program Files\CreateInstall Free\res\leftimg\uninstall\uninstall - 1.bmp 2002/11/10 16:56:02 20678  28.17%
Build setup file: C:\Users\ZHQ\AppData\Local\Temp\gentee00\uninstall.exe 
Adding uninstall file(s) to EXE 
Getting list of files 
Packing files... 
================================ 
C:\Users\ZHQ\Desktop\DianDangManage\de\ZedGraph.resources.dll 2008/12/12 16:01:34 4608  46.02%
C:\Users\ZHQ\Desktop\DianDangManage\es\ZedGraph.resources.dll 2008/12/12 16:01:36 4608  12.45%
C:\Users\ZHQ\Desktop\DianDangManage\fr\ZedGraph.resources.dll 2008/12/12 16:01:36 4608  12.89%
C:\Users\ZHQ\Desktop\DianDangManage\hu\ZedGraph.resources.dll 2008/12/12 16:01:36 4608  14.93%
C:\Users\ZHQ\Desktop\DianDangManage\it\ZedGraph.resources.dll 2008/12/12 16:01:36 4608  12.28%
C:\Users\ZHQ\Desktop\DianDangManage\ja\ZedGraph.resources.dll 2008/12/12 16:01:36 4608  14.82%
C:\Users\ZHQ\Desktop\DianDangManage\Pram\DataTemplate.dd 2010/2/1 21:52:20 24576  16.06%
C:\Users\ZHQ\Desktop\DianDangManage\Pram\dump.dd 2010/3/12 20:06:14 21504  11.41%
C:\Users\ZHQ\Desktop\DianDangManage\Pram\FinanceTemplate.dd 2010/1/22 10:40:27 28672  8.21%
C:\Users\ZHQ\Desktop\DianDangManage\Pram\OperationOfDay.dd 2010/1/28 20:43:41 18944  7.74%
C:\Users\ZHQ\Desktop\DianDangManage\Pram\PawnTemplate.dd 2010/2/3 12:01:40 26112  7.71%
C:\Users\ZHQ\Desktop\DianDangManage\Pram\QueryByClass.dd 2010/2/1 21:00:15 16896  4.90%
C:\Users\ZHQ\Desktop\DianDangManage\Pram\ReceiptTemplate.dd 2010/2/2 12:06:47 26112  5.81%
C:\Users\ZHQ\Desktop\DianDangManage\Pram\RenewTemplate.dd 2010/2/10 12:36:32 26112  3.38%
C:\Users\ZHQ\Desktop\DianDangManage\pt\ZedGraph.resources.dll 2008/12/12 16:01:38 4608  10.91%
C:\Users\ZHQ\Desktop\DianDangManage\ru\ZedGraph.resources.dll 2008/12/12 16:01:38 4608  14.60%
C:\Users\ZHQ\Desktop\DianDangManage\sk\ZedGraph.resources.dll 2008/12/12 16:01:38 4608  12.91%
C:\Users\ZHQ\Desktop\DianDangManage\sv\ZedGraph.resources.dll 2008/12/12 16:01:38 4096  14.30%
C:\Users\ZHQ\Desktop\DianDangManage\tr\ZedGraph.resources.dll 2008/12/12 16:01:38 4608  12.19%
C:\Users\ZHQ\Desktop\DianDangManage\zh-cn\ZedGraph.resources.dll 2008/12/12 16:01:40 4096  13.59%
C:\Users\ZHQ\Desktop\DianDangManage\zh-tw\ZedGraph.resources.dll 2008/12/12 16:01:40 4608  11.08%
C:\Users\ZHQ\Desktop\DianDangManage\avicap32.dll 2004/8/17 20:00:00 64000  54.63%
C:\Users\ZHQ\Desktop\DianDangManage\cardapi2.dll 2009/8/6 14:47:20 65536  42.43%
C:\Users\ZHQ\Desktop\DianDangManage\DianDang.application 2010/3/28 23:17:34 1571  42.52%
C:\Users\ZHQ\Desktop\DianDangManage\DianDang.exe.manifest 2010/3/28 23:17:34 19772  11.53%
C:\Users\ZHQ\Desktop\DianDangManage\DianDang.pdb 2010/3/28 23:17:33 1928704  20.15%
C:\Users\ZHQ\Desktop\DianDangManage\DianDang.vshost.application 2010/3/28 23:17:34 1571  43.34%
C:\Users\ZHQ\Desktop\DianDangManage\DianDang.vshost.exe 2010/3/28 23:15:24 14328  52.44%
C:\Users\ZHQ\Desktop\DianDangManage\DianDang.vshost.exe.config 2010/3/20 0:48:17 1871  35.43%
C:\Users\ZHQ\Desktop\DianDangManage\DianDang.XmlSerializers.dll 2009/12/30 20:21:45 32768  15.24%
C:\Users\ZHQ\Desktop\DianDangManage\DianDangManage.exe 2010/3/28 23:17:33 1825792  18.41%
C:\Users\ZHQ\Desktop\DianDangManage\DianDangManage.exe.config 2010/3/20 0:48:17 1871  39.07%
C:\Users\ZHQ\Desktop\DianDangManage\DotNetSkin.dll 2008/4/28 15:34:56 372736  44.21%
C:\Users\ZHQ\Desktop\DianDangManage\Microsoft.Office.Interop.Excel.dll 2009/11/11 12:35:57 1279848  25.19%
C:\Users\ZHQ\Desktop\DianDangManage\myMultiColHeaderDgv.dll 2009/8/11 11:17:55 20480  17.67%
C:\Users\ZHQ\Desktop\DianDangManage\sdtapi.dll 2009/4/2 10:03:46 2560  15.93%
C:\Users\ZHQ\Desktop\DianDangManage\skinh.she 2009/12/23 22:46:37 33459  100.01%
C:\Users\ZHQ\Desktop\DianDangManage\skinh1.she 2009/12/8 16:14:49 31833  100.01%
C:\Users\ZHQ\Desktop\DianDangManage\skinh2.she 2009/12/8 21:40:03 32009  100.01%
C:\Users\ZHQ\Desktop\DianDangManage\SkinH_CS.dll 2009/9/9 20:54:20 36864  26.44%
C:\Users\ZHQ\Desktop\DianDangManage\SkinH_Net.dll 2009/9/15 10:47:18 90112  96.68%
C:\Users\ZHQ\Desktop\DianDangManage\SubSonic.dll 2009/4/10 22:43:52 868352  28.26%
C:\Users\ZHQ\Desktop\DianDangManage\UtilityLibrary.dll 2009/12/17 20:08:57 274432  41.39%
C:\Users\ZHQ\Desktop\DianDangManage\WeifenLuo.WinFormsUI.Docking.dll 2009/12/17 19:35:32 430080  20.95%
C:\Users\ZHQ\Desktop\DianDangManage\WltRS.dll 2007/5/15 10:22:12 98304  50.72%
C:\Users\ZHQ\Desktop\DianDangManage\ZedGraph.dll 2008/12/12 16:01:34 307200  39.68%
C:\Users\ZHQ\Desktop\DianDangManage\ZedGraph.xml 2008/12/12 16:01:34 1492968  11.04%
================================ 
All files: 47 [ 9352KB => 2247KB ] 
File Size C:\Users\ZHQ\Desktop\Install\宝通Manage.exe: 2353 KB 
Finish Successful 2010/3/28 23:33:29